2026-04-11 15:15:37,269 - src.config.logging - INFO - Подключение к PostgreSQL: postgresql://favot_user:favot_pass@localhost:5432/favot
2026-04-11 15:15:37,477 - src.config.logging - INFO - Все таблицы успешно созданы в PostgreSQL!
2026-04-11 15:15:37,480 - sentence_transformers.SentenceTransformer - INFO - Use pytorch device_name: cpu
2026-04-11 15:15:37,480 - sentence_transformers.SentenceTransformer - INFO - Load pretrained SentenceTransformer: all-MiniLM-L6-v2
2026-04-11 15:15:37,975 - httpx - INFO - HTTP Request: HEAD https://huggingface.co/sentence-transformers/all-MiniLM-L6-v2/resolve/main/modules.json "HTTP/1.1 307 Temporary Redirect"
2026-04-11 15:15:38,011 - httpx - INFO - HTTP Request: HEAD https://huggingface.co/api/resolve-cache/models/sentence-transformers/all-MiniLM-L6-v2/c9745ed1d9f207416be6d2e6f8de32d1f16199bf/modules.json "HTTP/1.1 200 OK"
2026-04-11 15:15:38,176 - httpx - INFO - HTTP Request: HEAD https://huggingface.co/sentence-transformers/all-MiniLM-L6-v2/resolve/main/config_sentence_transformers.json "HTTP/1.1 307 Temporary Redirect"
2026-04-11 15:15:38,177 - huggingface_hub.utils._http - WARNING - Warning: You are sending unauthenticated requests to the HF Hub. Please set a HF_TOKEN to enable higher rate limits and faster downloads.
2026-04-11 15:15:38,199 - httpx - INFO - HTTP Request: HEAD https://huggingface.co/api/resolve-cache/models/sentence-transformers/all-MiniLM-L6-v2/c9745ed1d9f207416be6d2e6f8de32d1f16199bf/config_sentence_transformers.json "HTTP/1.1 200 OK"
2026-04-11 15:15:38,353 - httpx - INFO - HTTP Request: HEAD https://huggingface.co/sentence-transformers/all-MiniLM-L6-v2/resolve/main/config_sentence_transformers.json "HTTP/1.1 307 Temporary Redirect"
2026-04-11 15:15:38,376 - httpx - INFO - HTTP Request: HEAD https://huggingface.co/api/resolve-cache/models/sentence-transformers/all-MiniLM-L6-v2/c9745ed1d9f207416be6d2e6f8de32d1f16199bf/config_sentence_transformers.json "HTTP/1.1 200 OK"
2026-04-11 15:15:38,537 - httpx - INFO - HTTP Request: HEAD https://huggingface.co/sentence-transformers/all-MiniLM-L6-v2/resolve/main/README.md "HTTP/1.1 307 Temporary Redirect"
2026-04-11 15:15:38,558 - httpx - INFO - HTTP Request: HEAD https://huggingface.co/api/resolve-cache/models/sentence-transformers/all-MiniLM-L6-v2/c9745ed1d9f207416be6d2e6f8de32d1f16199bf/README.md "HTTP/1.1 200 OK"
2026-04-11 15:15:38,724 - httpx - INFO - HTTP Request: HEAD https://huggingface.co/sentence-transformers/all-MiniLM-L6-v2/resolve/main/modules.json "HTTP/1.1 307 Temporary Redirect"
2026-04-11 15:15:38,757 - httpx - INFO - HTTP Request: HEAD https://huggingface.co/api/resolve-cache/models/sentence-transformers/all-MiniLM-L6-v2/c9745ed1d9f207416be6d2e6f8de32d1f16199bf/modules.json "HTTP/1.1 200 OK"
2026-04-11 15:15:38,942 - httpx - INFO - HTTP Request: HEAD https://huggingface.co/sentence-transformers/all-MiniLM-L6-v2/resolve/main/sentence_bert_config.json "HTTP/1.1 307 Temporary Redirect"
2026-04-11 15:15:38,961 - httpx - INFO - HTTP Request: HEAD https://huggingface.co/api/resolve-cache/models/sentence-transformers/all-MiniLM-L6-v2/c9745ed1d9f207416be6d2e6f8de32d1f16199bf/sentence_bert_config.json "HTTP/1.1 200 OK"
2026-04-11 15:15:39,121 - httpx - INFO - HTTP Request: HEAD https://huggingface.co/sentence-transformers/all-MiniLM-L6-v2/resolve/main/adapter_config.json "HTTP/1.1 404 Not Found"
2026-04-11 15:15:39,287 - httpx - INFO - HTTP Request: HEAD https://huggingface.co/sentence-transformers/all-MiniLM-L6-v2/resolve/main/config.json "HTTP/1.1 307 Temporary Redirect"
2026-04-11 15:15:39,311 - httpx - INFO - HTTP Request: HEAD https://huggingface.co/api/resolve-cache/models/sentence-transformers/all-MiniLM-L6-v2/c9745ed1d9f207416be6d2e6f8de32d1f16199bf/config.json "HTTP/1.1 200 OK"
2026-04-11 15:15:39,611 - httpx - INFO - HTTP Request: HEAD https://huggingface.co/sentence-transformers/all-MiniLM-L6-v2/resolve/main/config.json "HTTP/1.1 307 Temporary Redirect"
2026-04-11 15:15:39,628 - httpx - INFO - HTTP Request: HEAD https://huggingface.co/api/resolve-cache/models/sentence-transformers/all-MiniLM-L6-v2/c9745ed1d9f207416be6d2e6f8de32d1f16199bf/config.json "HTTP/1.1 200 OK"
2026-04-11 15:15:39,779 - httpx - INFO - HTTP Request: HEAD https://huggingface.co/sentence-transformers/all-MiniLM-L6-v2/resolve/main/tokenizer_config.json "HTTP/1.1 307 Temporary Redirect"
2026-04-11 15:15:39,800 - httpx - INFO - HTTP Request: HEAD https://huggingface.co/api/resolve-cache/models/sentence-transformers/all-MiniLM-L6-v2/c9745ed1d9f207416be6d2e6f8de32d1f16199bf/tokenizer_config.json "HTTP/1.1 200 OK"
2026-04-11 15:15:39,961 - httpx - INFO - HTTP Request: GET https://huggingface.co/api/models/sentence-transformers/all-MiniLM-L6-v2/tree/main/additional_chat_templates?recursive=false&expand=false "HTTP/1.1 404 Not Found"
2026-04-11 15:15:40,110 - httpx - INFO - HTTP Request: GET https://huggingface.co/api/models/sentence-transformers/all-MiniLM-L6-v2/tree/main?recursive=true&expand=false "HTTP/1.1 200 OK"
2026-04-11 15:15:40,388 - httpx - INFO - HTTP Request: HEAD https://huggingface.co/sentence-transformers/all-MiniLM-L6-v2/resolve/main/1_Pooling/config.json "HTTP/1.1 307 Temporary Redirect"
2026-04-11 15:15:40,429 - httpx - INFO - HTTP Request: HEAD https://huggingface.co/api/resolve-cache/models/sentence-transformers/all-MiniLM-L6-v2/c9745ed1d9f207416be6d2e6f8de32d1f16199bf/1_Pooling%2Fconfig.json "HTTP/1.1 200 OK"
2026-04-11 15:15:40,591 - httpx - INFO - HTTP Request: GET https://huggingface.co/api/models/sentence-transformers/all-MiniLM-L6-v2 "HTTP/1.1 200 OK"
2026-04-11 15:15:40,756 - httpx - INFO - HTTP Request: HEAD https://huggingface.co/microsoft/Phi-3-mini-4k-instruct/resolve/main/config.json "HTTP/1.1 307 Temporary Redirect"
2026-04-11 15:15:40,781 - httpx - INFO - HTTP Request: HEAD https://huggingface.co/api/resolve-cache/models/microsoft/Phi-3-mini-4k-instruct/f39ac1d28e925b323eae81227eaba4464caced4e/config.json "HTTP/1.1 200 OK"
2026-04-11 15:15:40,812 - httpx - INFO - HTTP Request: GET https://huggingface.co/api/resolve-cache/models/microsoft/Phi-3-mini-4k-instruct/f39ac1d28e925b323eae81227eaba4464caced4e/config.json "HTTP/1.1 200 OK"
2026-04-11 15:15:41,037 - httpx - INFO - HTTP Request: HEAD https://huggingface.co/microsoft/Phi-3-mini-4k-instruct/resolve/main/tokenizer_config.json "HTTP/1.1 307 Temporary Redirect"
2026-04-11 15:15:41,062 - httpx - INFO - HTTP Request: HEAD https://huggingface.co/api/resolve-cache/models/microsoft/Phi-3-mini-4k-instruct/f39ac1d28e925b323eae81227eaba4464caced4e/tokenizer_config.json "HTTP/1.1 200 OK"
2026-04-11 15:15:41,080 - httpx - INFO - HTTP Request: GET https://huggingface.co/api/resolve-cache/models/microsoft/Phi-3-mini-4k-instruct/f39ac1d28e925b323eae81227eaba4464caced4e/tokenizer_config.json "HTTP/1.1 200 OK"
2026-04-11 15:15:41,243 - httpx - INFO - HTTP Request: HEAD https://huggingface.co/microsoft/Phi-3-mini-4k-instruct/resolve/main/tokenizer_config.json "HTTP/1.1 307 Temporary Redirect"
2026-04-11 15:15:41,272 - httpx - INFO - HTTP Request: HEAD https://huggingface.co/api/resolve-cache/models/microsoft/Phi-3-mini-4k-instruct/f39ac1d28e925b323eae81227eaba4464caced4e/tokenizer_config.json "HTTP/1.1 200 OK"
2026-04-11 15:15:41,431 - httpx - INFO - HTTP Request: GET https://huggingface.co/api/models/microsoft/Phi-3-mini-4k-instruct/tree/main/additional_chat_templates?recursive=false&expand=false "HTTP/1.1 404 Not Found"
2026-04-11 15:15:41,593 - httpx - INFO - HTTP Request: GET https://huggingface.co/api/models/microsoft/Phi-3-mini-4k-instruct/tree/main?recursive=true&expand=false "HTTP/1.1 200 OK"
2026-04-11 15:15:41,783 - httpx - INFO - HTTP Request: HEAD https://huggingface.co/microsoft/Phi-3-mini-4k-instruct/resolve/main/tokenizer.json "HTTP/1.1 307 Temporary Redirect"
2026-04-11 15:15:41,799 - httpx - INFO - HTTP Request: HEAD https://huggingface.co/api/resolve-cache/models/microsoft/Phi-3-mini-4k-instruct/f39ac1d28e925b323eae81227eaba4464caced4e/tokenizer.json "HTTP/1.1 200 OK"
2026-04-11 15:15:41,834 - httpx - INFO - HTTP Request: GET https://huggingface.co/api/resolve-cache/models/microsoft/Phi-3-mini-4k-instruct/f39ac1d28e925b323eae81227eaba4464caced4e/tokenizer.json "HTTP/1.1 200 OK"
2026-04-11 15:15:42,179 - httpx - INFO - HTTP Request: HEAD https://huggingface.co/microsoft/Phi-3-mini-4k-instruct/resolve/main/tokenizer.model "HTTP/1.1 302 Found"
2026-04-11 15:15:42,376 - httpx - INFO - HTTP Request: GET https://huggingface.co/api/models/microsoft/Phi-3-mini-4k-instruct/xet-read-token/f39ac1d28e925b323eae81227eaba4464caced4e "HTTP/1.1 200 OK"
2026-04-11 15:15:43,546 - httpx - INFO - HTTP Request: HEAD https://huggingface.co/microsoft/Phi-3-mini-4k-instruct/resolve/main/added_tokens.json "HTTP/1.1 307 Temporary Redirect"
2026-04-11 15:15:43,567 - httpx - INFO - HTTP Request: HEAD https://huggingface.co/api/resolve-cache/models/microsoft/Phi-3-mini-4k-instruct/f39ac1d28e925b323eae81227eaba4464caced4e/added_tokens.json "HTTP/1.1 200 OK"
2026-04-11 15:15:43,592 - httpx - INFO - HTTP Request: GET https://huggingface.co/api/resolve-cache/models/microsoft/Phi-3-mini-4k-instruct/f39ac1d28e925b323eae81227eaba4464caced4e/added_tokens.json "HTTP/1.1 200 OK"
2026-04-11 15:15:43,744 - httpx - INFO - HTTP Request: HEAD https://huggingface.co/microsoft/Phi-3-mini-4k-instruct/resolve/main/special_tokens_map.json "HTTP/1.1 307 Temporary Redirect"
2026-04-11 15:15:43,766 - httpx - INFO - HTTP Request: HEAD https://huggingface.co/api/resolve-cache/models/microsoft/Phi-3-mini-4k-instruct/f39ac1d28e925b323eae81227eaba4464caced4e/special_tokens_map.json "HTTP/1.1 200 OK"
2026-04-11 15:15:43,797 - httpx - INFO - HTTP Request: GET https://huggingface.co/api/resolve-cache/models/microsoft/Phi-3-mini-4k-instruct/f39ac1d28e925b323eae81227eaba4464caced4e/special_tokens_map.json "HTTP/1.1 200 OK"
2026-04-11 15:15:43,948 - httpx - INFO - HTTP Request: HEAD https://huggingface.co/microsoft/Phi-3-mini-4k-instruct/resolve/main/chat_template.jinja "HTTP/1.1 404 Not Found"
2026-04-11 15:15:44,321 - httpx - INFO - HTTP Request: HEAD https://huggingface.co/microsoft/Phi-3-mini-4k-instruct/resolve/main/config.json "HTTP/1.1 307 Temporary Redirect"
2026-04-11 15:15:44,349 - httpx - INFO - HTTP Request: HEAD https://huggingface.co/api/resolve-cache/models/microsoft/Phi-3-mini-4k-instruct/f39ac1d28e925b323eae81227eaba4464caced4e/config.json "HTTP/1.1 200 OK"
2026-04-11 15:15:44,511 - httpx - INFO - HTTP Request: HEAD https://huggingface.co/microsoft/Phi-3-mini-4k-instruct/resolve/main/model.safetensors "HTTP/1.1 404 Not Found"
2026-04-11 15:15:44,663 - httpx - INFO - HTTP Request: HEAD https://huggingface.co/microsoft/Phi-3-mini-4k-instruct/resolve/main/model.safetensors.index.json "HTTP/1.1 307 Temporary Redirect"
2026-04-11 15:15:44,684 - httpx - INFO - HTTP Request: HEAD https://huggingface.co/api/resolve-cache/models/microsoft/Phi-3-mini-4k-instruct/f39ac1d28e925b323eae81227eaba4464caced4e/model.safetensors.index.json "HTTP/1.1 200 OK"
2026-04-11 15:15:44,711 - httpx - INFO - HTTP Request: GET https://huggingface.co/api/resolve-cache/models/microsoft/Phi-3-mini-4k-instruct/f39ac1d28e925b323eae81227eaba4464caced4e/model.safetensors.index.json "HTTP/1.1 200 OK"
2026-04-11 15:15:44,861 - httpx - INFO - HTTP Request: GET https://huggingface.co/api/models/microsoft/Phi-3-mini-4k-instruct/revision/main "HTTP/1.1 200 OK"
2026-04-11 15:15:45,027 - httpx - INFO - HTTP Request: HEAD https://huggingface.co/microsoft/Phi-3-mini-4k-instruct/resolve/f39ac1d28e925b323eae81227eaba4464caced4e/model-00001-of-00002.safetensors "HTTP/1.1 302 Found"
2026-04-11 15:15:45,064 - httpx - INFO - HTTP Request: HEAD https://huggingface.co/microsoft/Phi-3-mini-4k-instruct/resolve/f39ac1d28e925b323eae81227eaba4464caced4e/model-00002-of-00002.safetensors "HTTP/1.1 302 Found"
2026-04-11 15:18:24,611 - src.config.logging - INFO - Подключение к PostgreSQL: postgresql://favot_user:favot_pass@localhost:5432/favot
2026-04-11 15:18:24,723 - src.config.logging - INFO - Все таблицы успешно созданы в PostgreSQL!
2026-04-11 15:18:24,729 - sentence_transformers.SentenceTransformer - INFO - Use pytorch device_name: cpu
2026-04-11 15:18:24,729 - sentence_transformers.SentenceTransformer - INFO - Load pretrained SentenceTransformer: all-MiniLM-L6-v2
2026-04-11 15:18:25,391 - httpx - INFO - HTTP Request: HEAD https://huggingface.co/sentence-transformers/all-MiniLM-L6-v2/resolve/main/modules.json "HTTP/1.1 307 Temporary Redirect"
2026-04-11 15:18:25,463 - httpx - INFO - HTTP Request: HEAD https://huggingface.co/api/resolve-cache/models/sentence-transformers/all-MiniLM-L6-v2/c9745ed1d9f207416be6d2e6f8de32d1f16199bf/modules.json "HTTP/1.1 200 OK"
2026-04-11 15:18:25,649 - httpx - INFO - HTTP Request: HEAD https://huggingface.co/sentence-transformers/all-MiniLM-L6-v2/resolve/main/config_sentence_transformers.json "HTTP/1.1 307 Temporary Redirect"
2026-04-11 15:18:25,716 - httpx - INFO - HTTP Request: HEAD https://huggingface.co/api/resolve-cache/models/sentence-transformers/all-MiniLM-L6-v2/c9745ed1d9f207416be6d2e6f8de32d1f16199bf/config_sentence_transformers.json "HTTP/1.1 200 OK"
2026-04-11 15:18:25,901 - httpx - INFO - HTTP Request: HEAD https://huggingface.co/sentence-transformers/all-MiniLM-L6-v2/resolve/main/config_sentence_transformers.json "HTTP/1.1 307 Temporary Redirect"
2026-04-11 15:18:25,902 - huggingface_hub.utils._http - WARNING - Warning: You are sending unauthenticated requests to the HF Hub. Please set a HF_TOKEN to enable higher rate limits and faster downloads.
2026-04-11 15:18:25,965 - httpx - INFO - HTTP Request: HEAD https://huggingface.co/api/resolve-cache/models/sentence-transformers/all-MiniLM-L6-v2/c9745ed1d9f207416be6d2e6f8de32d1f16199bf/config_sentence_transformers.json "HTTP/1.1 200 OK"
2026-04-11 15:18:26,155 - httpx - INFO - HTTP Request: HEAD https://huggingface.co/sentence-transformers/all-MiniLM-L6-v2/resolve/main/README.md "HTTP/1.1 307 Temporary Redirect"
2026-04-11 15:18:26,218 - httpx - INFO - HTTP Request: HEAD https://huggingface.co/api/resolve-cache/models/sentence-transformers/all-MiniLM-L6-v2/c9745ed1d9f207416be6d2e6f8de32d1f16199bf/README.md "HTTP/1.1 200 OK"
2026-04-11 15:18:26,403 - httpx - INFO - HTTP Request: HEAD https://huggingface.co/sentence-transformers/all-MiniLM-L6-v2/resolve/main/modules.json "HTTP/1.1 307 Temporary Redirect"
2026-04-11 15:18:26,478 - httpx - INFO - HTTP Request: HEAD https://huggingface.co/api/resolve-cache/models/sentence-transformers/all-MiniLM-L6-v2/c9745ed1d9f207416be6d2e6f8de32d1f16199bf/modules.json "HTTP/1.1 200 OK"
2026-04-11 15:18:26,663 - httpx - INFO - HTTP Request: HEAD https://huggingface.co/sentence-transformers/all-MiniLM-L6-v2/resolve/main/sentence_bert_config.json "HTTP/1.1 307 Temporary Redirect"
2026-04-11 15:18:26,735 - httpx - INFO - HTTP Request: HEAD https://huggingface.co/api/resolve-cache/models/sentence-transformers/all-MiniLM-L6-v2/c9745ed1d9f207416be6d2e6f8de32d1f16199bf/sentence_bert_config.json "HTTP/1.1 200 OK"
2026-04-11 15:18:26,930 - httpx - INFO - HTTP Request: HEAD https://huggingface.co/sentence-transformers/all-MiniLM-L6-v2/resolve/main/adapter_config.json "HTTP/1.1 404 Not Found"
2026-04-11 15:18:27,123 - httpx - INFO - HTTP Request: HEAD https://huggingface.co/sentence-transformers/all-MiniLM-L6-v2/resolve/main/config.json "HTTP/1.1 307 Temporary Redirect"
2026-04-11 15:18:27,191 - httpx - INFO - HTTP Request: HEAD https://huggingface.co/api/resolve-cache/models/sentence-transformers/all-MiniLM-L6-v2/c9745ed1d9f207416be6d2e6f8de32d1f16199bf/config.json "HTTP/1.1 200 OK"
2026-04-11 15:18:27,490 - httpx - INFO - HTTP Request: HEAD https://huggingface.co/sentence-transformers/all-MiniLM-L6-v2/resolve/main/config.json "HTTP/1.1 307 Temporary Redirect"
2026-04-11 15:18:27,555 - httpx - INFO - HTTP Request: HEAD https://huggingface.co/api/resolve-cache/models/sentence-transformers/all-MiniLM-L6-v2/c9745ed1d9f207416be6d2e6f8de32d1f16199bf/config.json "HTTP/1.1 200 OK"
2026-04-11 15:18:27,740 - httpx - INFO - HTTP Request: HEAD https://huggingface.co/sentence-transformers/all-MiniLM-L6-v2/resolve/main/tokenizer_config.json "HTTP/1.1 307 Temporary Redirect"
2026-04-11 15:18:27,813 - httpx - INFO - HTTP Request: HEAD https://huggingface.co/api/resolve-cache/models/sentence-transformers/all-MiniLM-L6-v2/c9745ed1d9f207416be6d2e6f8de32d1f16199bf/tokenizer_config.json "HTTP/1.1 200 OK"
2026-04-11 15:18:28,024 - httpx - INFO - HTTP Request: GET https://huggingface.co/api/models/sentence-transformers/all-MiniLM-L6-v2/tree/main/additional_chat_templates?recursive=false&expand=false "HTTP/1.1 404 Not Found"
2026-04-11 15:18:28,211 - httpx - INFO - HTTP Request: GET https://huggingface.co/api/models/sentence-transformers/all-MiniLM-L6-v2/tree/main?recursive=true&expand=false "HTTP/1.1 200 OK"
2026-04-11 15:18:28,472 - httpx - INFO - HTTP Request: HEAD https://huggingface.co/sentence-transformers/all-MiniLM-L6-v2/resolve/main/1_Pooling/config.json "HTTP/1.1 307 Temporary Redirect"
2026-04-11 15:18:28,539 - httpx - INFO - HTTP Request: HEAD https://huggingface.co/api/resolve-cache/models/sentence-transformers/all-MiniLM-L6-v2/c9745ed1d9f207416be6d2e6f8de32d1f16199bf/1_Pooling%2Fconfig.json "HTTP/1.1 200 OK"
2026-04-11 15:18:28,736 - httpx - INFO - HTTP Request: GET https://huggingface.co/api/models/sentence-transformers/all-MiniLM-L6-v2 "HTTP/1.1 200 OK"
2026-04-11 15:18:28,927 - httpx - INFO - HTTP Request: HEAD https://huggingface.co/microsoft/Phi-3-mini-4k-instruct/resolve/main/config.json "HTTP/1.1 307 Temporary Redirect"
2026-04-11 15:18:28,995 - httpx - INFO - HTTP Request: HEAD https://huggingface.co/api/resolve-cache/models/microsoft/Phi-3-mini-4k-instruct/f39ac1d28e925b323eae81227eaba4464caced4e/config.json "HTTP/1.1 200 OK"
2026-04-11 15:18:29,186 - httpx - INFO - HTTP Request: HEAD https://huggingface.co/microsoft/Phi-3-mini-4k-instruct/resolve/main/tokenizer_config.json "HTTP/1.1 307 Temporary Redirect"
2026-04-11 15:18:29,251 - httpx - INFO - HTTP Request: HEAD https://huggingface.co/api/resolve-cache/models/microsoft/Phi-3-mini-4k-instruct/f39ac1d28e925b323eae81227eaba4464caced4e/tokenizer_config.json "HTTP/1.1 200 OK"
2026-04-11 15:18:29,438 - httpx - INFO - HTTP Request: HEAD https://huggingface.co/microsoft/Phi-3-mini-4k-instruct/resolve/main/tokenizer_config.json "HTTP/1.1 307 Temporary Redirect"
2026-04-11 15:18:29,505 - httpx - INFO - HTTP Request: HEAD https://huggingface.co/api/resolve-cache/models/microsoft/Phi-3-mini-4k-instruct/f39ac1d28e925b323eae81227eaba4464caced4e/tokenizer_config.json "HTTP/1.1 200 OK"
2026-04-11 15:18:29,715 - httpx - INFO - HTTP Request: GET https://huggingface.co/api/models/microsoft/Phi-3-mini-4k-instruct/tree/main/additional_chat_templates?recursive=false&expand=false "HTTP/1.1 404 Not Found"
2026-04-11 15:18:29,908 - httpx - INFO - HTTP Request: GET https://huggingface.co/api/models/microsoft/Phi-3-mini-4k-instruct/tree/main?recursive=true&expand=false "HTTP/1.1 200 OK"
2026-04-11 15:18:30,314 - httpx - INFO - HTTP Request: HEAD https://huggingface.co/microsoft/Phi-3-mini-4k-instruct/resolve/main/config.json "HTTP/1.1 307 Temporary Redirect"
2026-04-11 15:18:30,449 - httpx - INFO - HTTP Request: HEAD https://huggingface.co/api/resolve-cache/models/microsoft/Phi-3-mini-4k-instruct/f39ac1d28e925b323eae81227eaba4464caced4e/config.json "HTTP/1.1 200 OK"
2026-04-11 15:18:30,646 - httpx - INFO - HTTP Request: GET https://huggingface.co/api/models/microsoft/Phi-3-mini-4k-instruct/revision/main "HTTP/1.1 200 OK"
2026-04-11 15:18:30,849 - httpx - INFO - HTTP Request: HEAD https://huggingface.co/microsoft/Phi-3-mini-4k-instruct/resolve/f39ac1d28e925b323eae81227eaba4464caced4e/model-00001-of-00002.safetensors "HTTP/1.1 302 Found"
2026-04-11 15:18:31,030 - httpx - INFO - HTTP Request: HEAD https://huggingface.co/microsoft/Phi-3-mini-4k-instruct/resolve/f39ac1d28e925b323eae81227eaba4464caced4e/model-00002-of-00002.safetensors "HTTP/1.1 302 Found"
2026-04-11 15:18:31,042 - httpx - INFO - HTTP Request: GET https://huggingface.co/api/models/microsoft/Phi-3-mini-4k-instruct/xet-read-token/f39ac1d28e925b323eae81227eaba4464caced4e "HTTP/1.1 200 OK"
2026-04-11 15:18:31,215 - httpx - INFO - HTTP Request: GET https://huggingface.co/api/models/microsoft/Phi-3-mini-4k-instruct/xet-read-token/f39ac1d28e925b323eae81227eaba4464caced4e "HTTP/1.1 200 OK"
2026-04-11 15:36:25,425 - httpx - INFO - HTTP Request: HEAD https://huggingface.co/microsoft/Phi-3-mini-4k-instruct/resolve/main/generation_config.json "HTTP/1.1 307 Temporary Redirect"
2026-04-11 15:36:25,518 - httpx - INFO - HTTP Request: HEAD https://huggingface.co/api/resolve-cache/models/microsoft/Phi-3-mini-4k-instruct/f39ac1d28e925b323eae81227eaba4464caced4e/generation_config.json "HTTP/1.1 200 OK"
2026-04-11 15:36:25,677 - httpx - INFO - HTTP Request: GET https://huggingface.co/api/resolve-cache/models/microsoft/Phi-3-mini-4k-instruct/f39ac1d28e925b323eae81227eaba4464caced4e/generation_config.json "HTTP/1.1 200 OK"
2026-04-11 15:43:54,667 - src.config.logging - INFO - Подключение к PostgreSQL: postgresql://favot_user:favot_pass@localhost:5432/favot
2026-04-11 15:43:54,879 - src.config.logging - INFO - Все таблицы успешно созданы в PostgreSQL!
2026-04-11 15:43:54,879 - sentence_transformers.SentenceTransformer - INFO - Use pytorch device_name: cpu
2026-04-11 15:43:54,879 - sentence_transformers.SentenceTransformer - INFO - Load pretrained SentenceTransformer: all-MiniLM-L6-v2
2026-04-11 15:43:55,699 - httpx - INFO - HTTP Request: HEAD https://huggingface.co/sentence-transformers/all-MiniLM-L6-v2/resolve/main/modules.json "HTTP/1.1 307 Temporary Redirect"
2026-04-11 15:43:55,781 - httpx - INFO - HTTP Request: HEAD https://huggingface.co/api/resolve-cache/models/sentence-transformers/all-MiniLM-L6-v2/c9745ed1d9f207416be6d2e6f8de32d1f16199bf/modules.json "HTTP/1.1 200 OK"
2026-04-11 15:43:56,061 - httpx - INFO - HTTP Request: HEAD https://huggingface.co/sentence-transformers/all-MiniLM-L6-v2/resolve/main/config_sentence_transformers.json "HTTP/1.1 307 Temporary Redirect"
2026-04-11 15:43:56,124 - httpx - INFO - HTTP Request: HEAD https://huggingface.co/api/resolve-cache/models/sentence-transformers/all-MiniLM-L6-v2/c9745ed1d9f207416be6d2e6f8de32d1f16199bf/config_sentence_transformers.json "HTTP/1.1 200 OK"
2026-04-11 15:43:56,313 - httpx - INFO - HTTP Request: HEAD https://huggingface.co/sentence-transformers/all-MiniLM-L6-v2/resolve/main/config_sentence_transformers.json "HTTP/1.1 307 Temporary Redirect"
2026-04-11 15:43:56,378 - httpx - INFO - HTTP Request: HEAD https://huggingface.co/api/resolve-cache/models/sentence-transformers/all-MiniLM-L6-v2/c9745ed1d9f207416be6d2e6f8de32d1f16199bf/config_sentence_transformers.json "HTTP/1.1 200 OK"
2026-04-11 15:43:56,578 - httpx - INFO - HTTP Request: HEAD https://huggingface.co/sentence-transformers/all-MiniLM-L6-v2/resolve/main/README.md "HTTP/1.1 307 Temporary Redirect"
2026-04-11 15:43:56,579 - huggingface_hub.utils._http - WARNING - Warning: You are sending unauthenticated requests to the HF Hub. Please set a HF_TOKEN to enable higher rate limits and faster downloads.
2026-04-11 15:43:56,645 - httpx - INFO - HTTP Request: HEAD https://huggingface.co/api/resolve-cache/models/sentence-transformers/all-MiniLM-L6-v2/c9745ed1d9f207416be6d2e6f8de32d1f16199bf/README.md "HTTP/1.1 200 OK"
2026-04-11 15:43:56,834 - httpx - INFO - HTTP Request: HEAD https://huggingface.co/sentence-transformers/all-MiniLM-L6-v2/resolve/main/modules.json "HTTP/1.1 307 Temporary Redirect"
2026-04-11 15:43:56,912 - httpx - INFO - HTTP Request: HEAD https://huggingface.co/api/resolve-cache/models/sentence-transformers/all-MiniLM-L6-v2/c9745ed1d9f207416be6d2e6f8de32d1f16199bf/modules.json "HTTP/1.1 200 OK"
2026-04-11 15:43:57,107 - httpx - INFO - HTTP Request: HEAD https://huggingface.co/sentence-transformers/all-MiniLM-L6-v2/resolve/main/sentence_bert_config.json "HTTP/1.1 307 Temporary Redirect"
2026-04-11 15:43:57,183 - httpx - INFO - HTTP Request: HEAD https://huggingface.co/api/resolve-cache/models/sentence-transformers/all-MiniLM-L6-v2/c9745ed1d9f207416be6d2e6f8de32d1f16199bf/sentence_bert_config.json "HTTP/1.1 200 OK"
2026-04-11 15:43:57,371 - httpx - INFO - HTTP Request: HEAD https://huggingface.co/sentence-transformers/all-MiniLM-L6-v2/resolve/main/adapter_config.json "HTTP/1.1 404 Not Found"
2026-04-11 15:43:57,562 - httpx - INFO - HTTP Request: HEAD https://huggingface.co/sentence-transformers/all-MiniLM-L6-v2/resolve/main/config.json "HTTP/1.1 307 Temporary Redirect"
2026-04-11 15:43:57,627 - httpx - INFO - HTTP Request: HEAD https://huggingface.co/api/resolve-cache/models/sentence-transformers/all-MiniLM-L6-v2/c9745ed1d9f207416be6d2e6f8de32d1f16199bf/config.json "HTTP/1.1 200 OK"
2026-04-11 15:43:58,053 - httpx - INFO - HTTP Request: HEAD https://huggingface.co/sentence-transformers/all-MiniLM-L6-v2/resolve/main/config.json "HTTP/1.1 307 Temporary Redirect"
2026-04-11 15:43:58,115 - httpx - INFO - HTTP Request: HEAD https://huggingface.co/api/resolve-cache/models/sentence-transformers/all-MiniLM-L6-v2/c9745ed1d9f207416be6d2e6f8de32d1f16199bf/config.json "HTTP/1.1 200 OK"
2026-04-11 15:43:58,309 - httpx - INFO - HTTP Request: HEAD https://huggingface.co/sentence-transformers/all-MiniLM-L6-v2/resolve/main/tokenizer_config.json "HTTP/1.1 307 Temporary Redirect"
2026-04-11 15:43:58,372 - httpx - INFO - HTTP Request: HEAD https://huggingface.co/api/resolve-cache/models/sentence-transformers/all-MiniLM-L6-v2/c9745ed1d9f207416be6d2e6f8de32d1f16199bf/tokenizer_config.json "HTTP/1.1 200 OK"
2026-04-11 15:43:58,578 - httpx - INFO - HTTP Request: GET https://huggingface.co/api/models/sentence-transformers/all-MiniLM-L6-v2/tree/main/additional_chat_templates?recursive=false&expand=false "HTTP/1.1 404 Not Found"
2026-04-11 15:43:58,870 - httpx - INFO - HTTP Request: GET https://huggingface.co/api/models/sentence-transformers/all-MiniLM-L6-v2/tree/main?recursive=true&expand=false "HTTP/1.1 200 OK"
2026-04-11 15:43:59,264 - httpx - INFO - HTTP Request: HEAD https://huggingface.co/sentence-transformers/all-MiniLM-L6-v2/resolve/main/1_Pooling/config.json "HTTP/1.1 307 Temporary Redirect"
2026-04-11 15:43:59,333 - httpx - INFO - HTTP Request: HEAD https://huggingface.co/api/resolve-cache/models/sentence-transformers/all-MiniLM-L6-v2/c9745ed1d9f207416be6d2e6f8de32d1f16199bf/1_Pooling%2Fconfig.json "HTTP/1.1 200 OK"
2026-04-11 15:43:59,532 - httpx - INFO - HTTP Request: GET https://huggingface.co/api/models/sentence-transformers/all-MiniLM-L6-v2 "HTTP/1.1 200 OK"
2026-04-11 15:43:59,752 - httpx - INFO - HTTP Request: HEAD https://huggingface.co/microsoft/Phi-3-mini-4k-instruct/resolve/main/config.json "HTTP/1.1 307 Temporary Redirect"
2026-04-11 15:43:59,824 - httpx - INFO - HTTP Request: HEAD https://huggingface.co/api/resolve-cache/models/microsoft/Phi-3-mini-4k-instruct/f39ac1d28e925b323eae81227eaba4464caced4e/config.json "HTTP/1.1 200 OK"
2026-04-11 15:44:00,015 - httpx - INFO - HTTP Request: HEAD https://huggingface.co/microsoft/Phi-3-mini-4k-instruct/resolve/main/tokenizer_config.json "HTTP/1.1 307 Temporary Redirect"
2026-04-11 15:44:00,109 - httpx - INFO - HTTP Request: HEAD https://huggingface.co/api/resolve-cache/models/microsoft/Phi-3-mini-4k-instruct/f39ac1d28e925b323eae81227eaba4464caced4e/tokenizer_config.json "HTTP/1.1 200 OK"
2026-04-11 15:44:00,298 - httpx - INFO - HTTP Request: HEAD https://huggingface.co/microsoft/Phi-3-mini-4k-instruct/resolve/main/tokenizer_config.json "HTTP/1.1 307 Temporary Redirect"
2026-04-11 15:44:00,370 - httpx - INFO - HTTP Request: HEAD https://huggingface.co/api/resolve-cache/models/microsoft/Phi-3-mini-4k-instruct/f39ac1d28e925b323eae81227eaba4464caced4e/tokenizer_config.json "HTTP/1.1 200 OK"
2026-04-11 15:44:00,576 - httpx - INFO - HTTP Request: GET https://huggingface.co/api/models/microsoft/Phi-3-mini-4k-instruct/tree/main/additional_chat_templates?recursive=false&expand=false "HTTP/1.1 404 Not Found"
2026-04-11 15:44:00,771 - httpx - INFO - HTTP Request: GET https://huggingface.co/api/models/microsoft/Phi-3-mini-4k-instruct/tree/main?recursive=true&expand=false "HTTP/1.1 200 OK"
2026-04-11 15:44:01,183 - httpx - INFO - HTTP Request: HEAD https://huggingface.co/microsoft/Phi-3-mini-4k-instruct/resolve/main/config.json "HTTP/1.1 307 Temporary Redirect"
2026-04-11 15:44:01,247 - httpx - INFO - HTTP Request: HEAD https://huggingface.co/api/resolve-cache/models/microsoft/Phi-3-mini-4k-instruct/f39ac1d28e925b323eae81227eaba4464caced4e/config.json "HTTP/1.1 200 OK"
2026-04-11 15:44:18,264 - httpx - INFO - HTTP Request: HEAD https://huggingface.co/microsoft/Phi-3-mini-4k-instruct/resolve/main/generation_config.json "HTTP/1.1 307 Temporary Redirect"
2026-04-11 15:44:18,350 - httpx - INFO - HTTP Request: HEAD https://huggingface.co/api/resolve-cache/models/microsoft/Phi-3-mini-4k-instruct/f39ac1d28e925b323eae81227eaba4464caced4e/generation_config.json "HTTP/1.1 200 OK"
2026-04-11 15:46:14,440 - src.config.logging - INFO - Подключение к PostgreSQL: postgresql://favot_user:favot_pass@localhost:5432/favot
2026-04-11 15:46:14,629 - src.config.logging - INFO - Все таблицы успешно созданы в PostgreSQL!
2026-04-11 15:46:14,629 - sentence_transformers.SentenceTransformer - INFO - Use pytorch device_name: cpu
2026-04-11 15:46:14,629 - sentence_transformers.SentenceTransformer - INFO - Load pretrained SentenceTransformer: all-MiniLM-L6-v2
2026-04-11 15:46:15,314 - httpx - INFO - HTTP Request: HEAD https://huggingface.co/sentence-transformers/all-MiniLM-L6-v2/resolve/main/modules.json "HTTP/1.1 307 Temporary Redirect"
2026-04-11 15:46:15,380 - httpx - INFO - HTTP Request: HEAD https://huggingface.co/api/resolve-cache/models/sentence-transformers/all-MiniLM-L6-v2/c9745ed1d9f207416be6d2e6f8de32d1f16199bf/modules.json "HTTP/1.1 200 OK"
2026-04-11 15:46:15,600 - httpx - INFO - HTTP Request: HEAD https://huggingface.co/sentence-transformers/all-MiniLM-L6-v2/resolve/main/config_sentence_transformers.json "HTTP/1.1 307 Temporary Redirect"
2026-04-11 15:46:15,664 - httpx - INFO - HTTP Request: HEAD https://huggingface.co/api/resolve-cache/models/sentence-transformers/all-MiniLM-L6-v2/c9745ed1d9f207416be6d2e6f8de32d1f16199bf/config_sentence_transformers.json "HTTP/1.1 200 OK"
2026-04-11 15:46:15,855 - httpx - INFO - HTTP Request: HEAD https://huggingface.co/sentence-transformers/all-MiniLM-L6-v2/resolve/main/config_sentence_transformers.json "HTTP/1.1 307 Temporary Redirect"
2026-04-11 15:46:15,922 - httpx - INFO - HTTP Request: HEAD https://huggingface.co/api/resolve-cache/models/sentence-transformers/all-MiniLM-L6-v2/c9745ed1d9f207416be6d2e6f8de32d1f16199bf/config_sentence_transformers.json "HTTP/1.1 200 OK"
2026-04-11 15:46:16,195 - httpx - INFO - HTTP Request: HEAD https://huggingface.co/sentence-transformers/all-MiniLM-L6-v2/resolve/main/README.md "HTTP/1.1 307 Temporary Redirect"
2026-04-11 15:46:16,259 - httpx - INFO - HTTP Request: HEAD https://huggingface.co/api/resolve-cache/models/sentence-transformers/all-MiniLM-L6-v2/c9745ed1d9f207416be6d2e6f8de32d1f16199bf/README.md "HTTP/1.1 200 OK"
2026-04-11 15:46:16,445 - httpx - INFO - HTTP Request: HEAD https://huggingface.co/sentence-transformers/all-MiniLM-L6-v2/resolve/main/modules.json "HTTP/1.1 307 Temporary Redirect"
2026-04-11 15:46:16,447 - huggingface_hub.utils._http - WARNING - Warning: You are sending unauthenticated requests to the HF Hub. Please set a HF_TOKEN to enable higher rate limits and faster downloads.
2026-04-11 15:46:16,510 - httpx - INFO - HTTP Request: HEAD https://huggingface.co/api/resolve-cache/models/sentence-transformers/all-MiniLM-L6-v2/c9745ed1d9f207416be6d2e6f8de32d1f16199bf/modules.json "HTTP/1.1 200 OK"
2026-04-11 15:46:16,701 - httpx - INFO - HTTP Request: HEAD https://huggingface.co/sentence-transformers/all-MiniLM-L6-v2/resolve/main/sentence_bert_config.json "HTTP/1.1 307 Temporary Redirect"
2026-04-11 15:46:16,766 - httpx - INFO - HTTP Request: HEAD https://huggingface.co/api/resolve-cache/models/sentence-transformers/all-MiniLM-L6-v2/c9745ed1d9f207416be6d2e6f8de32d1f16199bf/sentence_bert_config.json "HTTP/1.1 200 OK"
2026-04-11 15:46:16,967 - httpx - INFO - HTTP Request: HEAD https://huggingface.co/sentence-transformers/all-MiniLM-L6-v2/resolve/main/adapter_config.json "HTTP/1.1 404 Not Found"
2026-04-11 15:46:17,343 - httpx - INFO - HTTP Request: HEAD https://huggingface.co/sentence-transformers/all-MiniLM-L6-v2/resolve/main/config.json "HTTP/1.1 307 Temporary Redirect"
2026-04-11 15:46:17,407 - httpx - INFO - HTTP Request: HEAD https://huggingface.co/api/resolve-cache/models/sentence-transformers/all-MiniLM-L6-v2/c9745ed1d9f207416be6d2e6f8de32d1f16199bf/config.json "HTTP/1.1 200 OK"
2026-04-11 15:46:17,780 - httpx - INFO - HTTP Request: HEAD https://huggingface.co/sentence-transformers/all-MiniLM-L6-v2/resolve/main/config.json "HTTP/1.1 307 Temporary Redirect"
2026-04-11 15:46:17,847 - httpx - INFO - HTTP Request: HEAD https://huggingface.co/api/resolve-cache/models/sentence-transformers/all-MiniLM-L6-v2/c9745ed1d9f207416be6d2e6f8de32d1f16199bf/config.json "HTTP/1.1 200 OK"
2026-04-11 15:46:18,037 - httpx - INFO - HTTP Request: HEAD https://huggingface.co/sentence-transformers/all-MiniLM-L6-v2/resolve/main/tokenizer_config.json "HTTP/1.1 307 Temporary Redirect"
2026-04-11 15:46:18,100 - httpx - INFO - HTTP Request: HEAD https://huggingface.co/api/resolve-cache/models/sentence-transformers/all-MiniLM-L6-v2/c9745ed1d9f207416be6d2e6f8de32d1f16199bf/tokenizer_config.json "HTTP/1.1 200 OK"
2026-04-11 15:46:18,302 - httpx - INFO - HTTP Request: GET https://huggingface.co/api/models/sentence-transformers/all-MiniLM-L6-v2/tree/main/additional_chat_templates?recursive=false&expand=false "HTTP/1.1 404 Not Found"
2026-04-11 15:46:18,514 - httpx - INFO - HTTP Request: GET https://huggingface.co/api/models/sentence-transformers/all-MiniLM-L6-v2/tree/main?recursive=true&expand=false "HTTP/1.1 200 OK"
2026-04-11 15:46:18,812 - httpx - INFO - HTTP Request: HEAD https://huggingface.co/sentence-transformers/all-MiniLM-L6-v2/resolve/main/1_Pooling/config.json "HTTP/1.1 307 Temporary Redirect"
2026-04-11 15:46:18,878 - httpx - INFO - HTTP Request: HEAD https://huggingface.co/api/resolve-cache/models/sentence-transformers/all-MiniLM-L6-v2/c9745ed1d9f207416be6d2e6f8de32d1f16199bf/1_Pooling%2Fconfig.json "HTTP/1.1 200 OK"
2026-04-11 15:46:19,066 - httpx - INFO - HTTP Request: GET https://huggingface.co/api/models/sentence-transformers/all-MiniLM-L6-v2 "HTTP/1.1 200 OK"
2026-04-11 15:46:19,261 - httpx - INFO - HTTP Request: HEAD https://huggingface.co/microsoft/Phi-3-mini-4k-instruct/resolve/main/config.json "HTTP/1.1 307 Temporary Redirect"
2026-04-11 15:46:19,326 - httpx - INFO - HTTP Request: HEAD https://huggingface.co/api/resolve-cache/models/microsoft/Phi-3-mini-4k-instruct/f39ac1d28e925b323eae81227eaba4464caced4e/config.json "HTTP/1.1 200 OK"
2026-04-11 15:46:19,528 - httpx - INFO - HTTP Request: HEAD https://huggingface.co/microsoft/Phi-3-mini-4k-instruct/resolve/main/tokenizer_config.json "HTTP/1.1 307 Temporary Redirect"
2026-04-11 15:46:19,591 - httpx - INFO - HTTP Request: HEAD https://huggingface.co/api/resolve-cache/models/microsoft/Phi-3-mini-4k-instruct/f39ac1d28e925b323eae81227eaba4464caced4e/tokenizer_config.json "HTTP/1.1 200 OK"
2026-04-11 15:46:19,793 - httpx - INFO - HTTP Request: HEAD https://huggingface.co/microsoft/Phi-3-mini-4k-instruct/resolve/main/tokenizer_config.json "HTTP/1.1 307 Temporary Redirect"
2026-04-11 15:46:19,859 - httpx - INFO - HTTP Request: HEAD https://huggingface.co/api/resolve-cache/models/microsoft/Phi-3-mini-4k-instruct/f39ac1d28e925b323eae81227eaba4464caced4e/tokenizer_config.json "HTTP/1.1 200 OK"
2026-04-11 15:46:20,043 - httpx - INFO - HTTP Request: GET https://huggingface.co/api/models/microsoft/Phi-3-mini-4k-instruct/tree/main/additional_chat_templates?recursive=false&expand=false "HTTP/1.1 404 Not Found"
2026-04-11 15:46:20,235 - httpx - INFO - HTTP Request: GET https://huggingface.co/api/models/microsoft/Phi-3-mini-4k-instruct/tree/main?recursive=true&expand=false "HTTP/1.1 200 OK"
2026-04-11 15:46:20,656 - httpx - INFO - HTTP Request: HEAD https://huggingface.co/microsoft/Phi-3-mini-4k-instruct/resolve/main/config.json "HTTP/1.1 307 Temporary Redirect"
2026-04-11 15:46:20,725 - httpx - INFO - HTTP Request: HEAD https://huggingface.co/api/resolve-cache/models/microsoft/Phi-3-mini-4k-instruct/f39ac1d28e925b323eae81227eaba4464caced4e/config.json "HTTP/1.1 200 OK"
2026-04-11 15:46:40,522 - httpx - INFO - HTTP Request: HEAD https://huggingface.co/microsoft/Phi-3-mini-4k-instruct/resolve/main/generation_config.json "HTTP/1.1 307 Temporary Redirect"
2026-04-11 15:46:40,621 - httpx - INFO - HTTP Request: HEAD https://huggingface.co/api/resolve-cache/models/microsoft/Phi-3-mini-4k-instruct/f39ac1d28e925b323eae81227eaba4464caced4e/generation_config.json "HTTP/1.1 200 OK"
2026-04-11 16:29:00,759 - src.config.logging - INFO - Подключение к PostgreSQL: postgresql://favot_user:favot_pass@localhost:5432/favot
2026-04-11 16:29:00,956 - src.config.logging - INFO - Все таблицы успешно созданы в PostgreSQL!
2026-04-11 16:29:00,958 - sentence_transformers.SentenceTransformer - INFO - Use pytorch device_name: cpu
2026-04-11 16:29:00,958 - sentence_transformers.SentenceTransformer - INFO - Load pretrained SentenceTransformer: all-MiniLM-L6-v2
2026-04-11 16:29:01,741 - httpx - INFO - HTTP Request: HEAD https://huggingface.co/sentence-transformers/all-MiniLM-L6-v2/resolve/main/modules.json "HTTP/1.1 307 Temporary Redirect"
2026-04-11 16:29:01,813 - httpx - INFO - HTTP Request: HEAD https://huggingface.co/api/resolve-cache/models/sentence-transformers/all-MiniLM-L6-v2/c9745ed1d9f207416be6d2e6f8de32d1f16199bf/modules.json "HTTP/1.1 200 OK"
2026-04-11 16:29:02,006 - httpx - INFO - HTTP Request: HEAD https://huggingface.co/sentence-transformers/all-MiniLM-L6-v2/resolve/main/config_sentence_transformers.json "HTTP/1.1 307 Temporary Redirect"
2026-04-11 16:29:02,008 - huggingface_hub.utils._http - WARNING - Warning: You are sending unauthenticated requests to the HF Hub. Please set a HF_TOKEN to enable higher rate limits and faster downloads.
2026-04-11 16:29:02,076 - httpx - INFO - HTTP Request: HEAD https://huggingface.co/api/resolve-cache/models/sentence-transformers/all-MiniLM-L6-v2/c9745ed1d9f207416be6d2e6f8de32d1f16199bf/config_sentence_transformers.json "HTTP/1.1 200 OK"
2026-04-11 16:29:02,268 - httpx - INFO - HTTP Request: HEAD https://huggingface.co/sentence-transformers/all-MiniLM-L6-v2/resolve/main/config_sentence_transformers.json "HTTP/1.1 307 Temporary Redirect"
2026-04-11 16:29:02,342 - httpx - INFO - HTTP Request: HEAD https://huggingface.co/api/resolve-cache/models/sentence-transformers/all-MiniLM-L6-v2/c9745ed1d9f207416be6d2e6f8de32d1f16199bf/config_sentence_transformers.json "HTTP/1.1 200 OK"
2026-04-11 16:29:02,549 - httpx - INFO - HTTP Request: HEAD https://huggingface.co/sentence-transformers/all-MiniLM-L6-v2/resolve/main/README.md "HTTP/1.1 307 Temporary Redirect"
2026-04-11 16:29:02,620 - httpx - INFO - HTTP Request: HEAD https://huggingface.co/api/resolve-cache/models/sentence-transformers/all-MiniLM-L6-v2/c9745ed1d9f207416be6d2e6f8de32d1f16199bf/README.md "HTTP/1.1 200 OK"
2026-04-11 16:29:02,806 - httpx - INFO - HTTP Request: HEAD https://huggingface.co/sentence-transformers/all-MiniLM-L6-v2/resolve/main/modules.json "HTTP/1.1 307 Temporary Redirect"
2026-04-11 16:29:02,875 - httpx - INFO - HTTP Request: HEAD https://huggingface.co/api/resolve-cache/models/sentence-transformers/all-MiniLM-L6-v2/c9745ed1d9f207416be6d2e6f8de32d1f16199bf/modules.json "HTTP/1.1 200 OK"
2026-04-11 16:29:03,072 - httpx - INFO - HTTP Request: HEAD https://huggingface.co/sentence-transformers/all-MiniLM-L6-v2/resolve/main/sentence_bert_config.json "HTTP/1.1 307 Temporary Redirect"
2026-04-11 16:29:03,145 - httpx - INFO - HTTP Request: HEAD https://huggingface.co/api/resolve-cache/models/sentence-transformers/all-MiniLM-L6-v2/c9745ed1d9f207416be6d2e6f8de32d1f16199bf/sentence_bert_config.json "HTTP/1.1 200 OK"
2026-04-11 16:29:03,341 - httpx - INFO - HTTP Request: HEAD https://huggingface.co/sentence-transformers/all-MiniLM-L6-v2/resolve/main/adapter_config.json "HTTP/1.1 404 Not Found"
2026-04-11 16:29:03,547 - httpx - INFO - HTTP Request: HEAD https://huggingface.co/sentence-transformers/all-MiniLM-L6-v2/resolve/main/config.json "HTTP/1.1 307 Temporary Redirect"
2026-04-11 16:29:03,672 - httpx - INFO - HTTP Request: HEAD https://huggingface.co/api/resolve-cache/models/sentence-transformers/all-MiniLM-L6-v2/c9745ed1d9f207416be6d2e6f8de32d1f16199bf/config.json "HTTP/1.1 200 OK"
2026-04-11 16:29:04,057 - httpx - INFO - HTTP Request: HEAD https://huggingface.co/sentence-transformers/all-MiniLM-L6-v2/resolve/main/config.json "HTTP/1.1 307 Temporary Redirect"
2026-04-11 16:29:04,125 - httpx - INFO - HTTP Request: HEAD https://huggingface.co/api/resolve-cache/models/sentence-transformers/all-MiniLM-L6-v2/c9745ed1d9f207416be6d2e6f8de32d1f16199bf/config.json "HTTP/1.1 200 OK"
2026-04-11 16:29:04,379 - httpx - INFO - HTTP Request: HEAD https://huggingface.co/sentence-transformers/all-MiniLM-L6-v2/resolve/main/tokenizer_config.json "HTTP/1.1 307 Temporary Redirect"
2026-04-11 16:29:04,451 - httpx - INFO - HTTP Request: HEAD https://huggingface.co/api/resolve-cache/models/sentence-transformers/all-MiniLM-L6-v2/c9745ed1d9f207416be6d2e6f8de32d1f16199bf/tokenizer_config.json "HTTP/1.1 200 OK"
2026-04-11 16:29:04,662 - httpx - INFO - HTTP Request: GET https://huggingface.co/api/models/sentence-transformers/all-MiniLM-L6-v2/tree/main/additional_chat_templates?recursive=false&expand=false "HTTP/1.1 404 Not Found"
2026-04-11 16:29:04,856 - httpx - INFO - HTTP Request: GET https://huggingface.co/api/models/sentence-transformers/all-MiniLM-L6-v2/tree/main?recursive=true&expand=false "HTTP/1.1 200 OK"
2026-04-11 16:29:05,214 - httpx - INFO - HTTP Request: HEAD https://huggingface.co/sentence-transformers/all-MiniLM-L6-v2/resolve/main/1_Pooling/config.json "HTTP/1.1 307 Temporary Redirect"
2026-04-11 16:29:05,283 - httpx - INFO - HTTP Request: HEAD https://huggingface.co/api/resolve-cache/models/sentence-transformers/all-MiniLM-L6-v2/c9745ed1d9f207416be6d2e6f8de32d1f16199bf/1_Pooling%2Fconfig.json "HTTP/1.1 200 OK"
2026-04-11 16:29:05,482 - httpx - INFO - HTTP Request: GET https://huggingface.co/api/models/sentence-transformers/all-MiniLM-L6-v2 "HTTP/1.1 200 OK"
2026-04-11 16:29:05,696 - httpx - INFO - HTTP Request: HEAD https://huggingface.co/microsoft/Phi-3-mini-4k-instruct/resolve/main/config.json "HTTP/1.1 307 Temporary Redirect"
2026-04-11 16:29:05,767 - httpx - INFO - HTTP Request: HEAD https://huggingface.co/api/resolve-cache/models/microsoft/Phi-3-mini-4k-instruct/f39ac1d28e925b323eae81227eaba4464caced4e/config.json "HTTP/1.1 200 OK"
2026-04-11 16:29:05,980 - httpx - INFO - HTTP Request: HEAD https://huggingface.co/microsoft/Phi-3-mini-4k-instruct/resolve/main/tokenizer_config.json "HTTP/1.1 307 Temporary Redirect"
2026-04-11 16:29:06,058 - httpx - INFO - HTTP Request: HEAD https://huggingface.co/api/resolve-cache/models/microsoft/Phi-3-mini-4k-instruct/f39ac1d28e925b323eae81227eaba4464caced4e/tokenizer_config.json "HTTP/1.1 200 OK"
2026-04-11 16:29:06,250 - httpx - INFO - HTTP Request: HEAD https://huggingface.co/microsoft/Phi-3-mini-4k-instruct/resolve/main/tokenizer_config.json "HTTP/1.1 307 Temporary Redirect"
2026-04-11 16:29:06,319 - httpx - INFO - HTTP Request: HEAD https://huggingface.co/api/resolve-cache/models/microsoft/Phi-3-mini-4k-instruct/f39ac1d28e925b323eae81227eaba4464caced4e/tokenizer_config.json "HTTP/1.1 200 OK"
2026-04-11 16:29:06,530 - httpx - INFO - HTTP Request: GET https://huggingface.co/api/models/microsoft/Phi-3-mini-4k-instruct/tree/main/additional_chat_templates?recursive=false&expand=false "HTTP/1.1 404 Not Found"
2026-04-11 16:29:06,731 - httpx - INFO - HTTP Request: GET https://huggingface.co/api/models/microsoft/Phi-3-mini-4k-instruct/tree/main?recursive=true&expand=false "HTTP/1.1 200 OK"
2026-04-11 16:29:07,164 - httpx - INFO - HTTP Request: HEAD https://huggingface.co/microsoft/Phi-3-mini-4k-instruct/resolve/main/config.json "HTTP/1.1 307 Temporary Redirect"
2026-04-11 16:29:07,232 - httpx - INFO - HTTP Request: HEAD https://huggingface.co/api/resolve-cache/models/microsoft/Phi-3-mini-4k-instruct/f39ac1d28e925b323eae81227eaba4464caced4e/config.json "HTTP/1.1 200 OK"
2026-04-11 16:29:26,983 - httpx - INFO - HTTP Request: HEAD https://huggingface.co/microsoft/Phi-3-mini-4k-instruct/resolve/main/generation_config.json "HTTP/1.1 307 Temporary Redirect"
2026-04-11 16:29:27,091 - httpx - INFO - HTTP Request: HEAD https://huggingface.co/api/resolve-cache/models/microsoft/Phi-3-mini-4k-instruct/f39ac1d28e925b323eae81227eaba4464caced4e/generation_config.json "HTTP/1.1 200 OK"
2026-04-11 16:35:11,096 - src.config.logging - INFO - Подключение к PostgreSQL: postgresql://favot_user:favot_pass@localhost:5432/favot
2026-04-11 16:35:11,323 - src.config.logging - INFO - Все таблицы успешно созданы в PostgreSQL!
2026-04-11 16:35:11,326 - sentence_transformers.SentenceTransformer - INFO - Use pytorch device_name: cpu
2026-04-11 16:35:11,326 - sentence_transformers.SentenceTransformer - INFO - Load pretrained SentenceTransformer: all-MiniLM-L6-v2
2026-04-11 16:35:23,269 - httpx - INFO - HTTP Request: HEAD https://huggingface.co/sentence-transformers/all-MiniLM-L6-v2/resolve/main/config_sentence_transformers.json "HTTP/1.1 307 Temporary Redirect"
2026-04-11 16:35:23,366 - httpx - INFO - HTTP Request: HEAD https://huggingface.co/api/resolve-cache/models/sentence-transformers/all-MiniLM-L6-v2/c9745ed1d9f207416be6d2e6f8de32d1f16199bf/config_sentence_transformers.json "HTTP/1.1 200 OK"
2026-04-11 16:35:23,556 - httpx - INFO - HTTP Request: HEAD https://huggingface.co/sentence-transformers/all-MiniLM-L6-v2/resolve/main/config_sentence_transformers.json "HTTP/1.1 307 Temporary Redirect"
2026-04-11 16:35:23,640 - httpx - INFO - HTTP Request: HEAD https://huggingface.co/api/resolve-cache/models/sentence-transformers/all-MiniLM-L6-v2/c9745ed1d9f207416be6d2e6f8de32d1f16199bf/config_sentence_transformers.json "HTTP/1.1 200 OK"
2026-04-11 16:35:23,844 - httpx - INFO - HTTP Request: HEAD https://huggingface.co/sentence-transformers/all-MiniLM-L6-v2/resolve/main/README.md "HTTP/1.1 307 Temporary Redirect"
2026-04-11 16:35:23,928 - httpx - INFO - HTTP Request: HEAD https://huggingface.co/api/resolve-cache/models/sentence-transformers/all-MiniLM-L6-v2/c9745ed1d9f207416be6d2e6f8de32d1f16199bf/README.md "HTTP/1.1 200 OK"
2026-04-11 16:35:24,130 - httpx - INFO - HTTP Request: HEAD https://huggingface.co/sentence-transformers/all-MiniLM-L6-v2/resolve/main/modules.json "HTTP/1.1 307 Temporary Redirect"
2026-04-11 16:35:24,204 - httpx - INFO - HTTP Request: HEAD https://huggingface.co/api/resolve-cache/models/sentence-transformers/all-MiniLM-L6-v2/c9745ed1d9f207416be6d2e6f8de32d1f16199bf/modules.json "HTTP/1.1 200 OK"
2026-04-11 16:35:24,421 - httpx - INFO - HTTP Request: HEAD https://huggingface.co/sentence-transformers/all-MiniLM-L6-v2/resolve/main/sentence_bert_config.json "HTTP/1.1 307 Temporary Redirect"
2026-04-11 16:35:24,493 - httpx - INFO - HTTP Request: HEAD https://huggingface.co/api/resolve-cache/models/sentence-transformers/all-MiniLM-L6-v2/c9745ed1d9f207416be6d2e6f8de32d1f16199bf/sentence_bert_config.json "HTTP/1.1 200 OK"
2026-04-11 16:35:24,692 - httpx - INFO - HTTP Request: HEAD https://huggingface.co/sentence-transformers/all-MiniLM-L6-v2/resolve/main/adapter_config.json "HTTP/1.1 404 Not Found"
2026-04-11 16:35:24,910 - httpx - INFO - HTTP Request: HEAD https://huggingface.co/sentence-transformers/all-MiniLM-L6-v2/resolve/main/config.json "HTTP/1.1 307 Temporary Redirect"
2026-04-11 16:35:24,911 - huggingface_hub.utils._http - WARNING - Warning: You are sending unauthenticated requests to the HF Hub. Please set a HF_TOKEN to enable higher rate limits and faster downloads.
2026-04-11 16:35:24,982 - httpx - INFO - HTTP Request: HEAD https://huggingface.co/api/resolve-cache/models/sentence-transformers/all-MiniLM-L6-v2/c9745ed1d9f207416be6d2e6f8de32d1f16199bf/config.json "HTTP/1.1 200 OK"
2026-04-11 16:35:25,376 - httpx - INFO - HTTP Request: HEAD https://huggingface.co/sentence-transformers/all-MiniLM-L6-v2/resolve/main/config.json "HTTP/1.1 307 Temporary Redirect"
2026-04-11 16:35:25,444 - httpx - INFO - HTTP Request: HEAD https://huggingface.co/api/resolve-cache/models/sentence-transformers/all-MiniLM-L6-v2/c9745ed1d9f207416be6d2e6f8de32d1f16199bf/config.json "HTTP/1.1 200 OK"
2026-04-11 16:35:25,640 - httpx - INFO - HTTP Request: HEAD https://huggingface.co/sentence-transformers/all-MiniLM-L6-v2/resolve/main/tokenizer_config.json "HTTP/1.1 307 Temporary Redirect"
2026-04-11 16:35:25,708 - httpx - INFO - HTTP Request: HEAD https://huggingface.co/api/resolve-cache/models/sentence-transformers/all-MiniLM-L6-v2/c9745ed1d9f207416be6d2e6f8de32d1f16199bf/tokenizer_config.json "HTTP/1.1 200 OK"
2026-04-11 16:35:25,917 - httpx - INFO - HTTP Request: GET https://huggingface.co/api/models/sentence-transformers/all-MiniLM-L6-v2/tree/main/additional_chat_templates?recursive=false&expand=false "HTTP/1.1 404 Not Found"
2026-04-11 16:35:26,131 - httpx - INFO - HTTP Request: GET https://huggingface.co/api/models/sentence-transformers/all-MiniLM-L6-v2/tree/main?recursive=true&expand=false "HTTP/1.1 200 OK"
2026-04-11 16:35:26,444 - httpx - INFO - HTTP Request: HEAD https://huggingface.co/sentence-transformers/all-MiniLM-L6-v2/resolve/main/1_Pooling/config.json "HTTP/1.1 307 Temporary Redirect"
2026-04-11 16:35:26,519 - httpx - INFO - HTTP Request: HEAD https://huggingface.co/api/resolve-cache/models/sentence-transformers/all-MiniLM-L6-v2/c9745ed1d9f207416be6d2e6f8de32d1f16199bf/1_Pooling%2Fconfig.json "HTTP/1.1 200 OK"
2026-04-11 16:35:26,720 - httpx - INFO - HTTP Request: GET https://huggingface.co/api/models/sentence-transformers/all-MiniLM-L6-v2 "HTTP/1.1 200 OK"
2026-04-11 16:35:26,929 - httpx - INFO - HTTP Request: HEAD https://huggingface.co/microsoft/Phi-3-mini-4k-instruct/resolve/main/config.json "HTTP/1.1 307 Temporary Redirect"
2026-04-11 16:35:26,994 - httpx - INFO - HTTP Request: HEAD https://huggingface.co/api/resolve-cache/models/microsoft/Phi-3-mini-4k-instruct/f39ac1d28e925b323eae81227eaba4464caced4e/config.json "HTTP/1.1 200 OK"
2026-04-11 16:35:27,208 - httpx - INFO - HTTP Request: HEAD https://huggingface.co/microsoft/Phi-3-mini-4k-instruct/resolve/main/tokenizer_config.json "HTTP/1.1 307 Temporary Redirect"
2026-04-11 16:35:27,311 - httpx - INFO - HTTP Request: HEAD https://huggingface.co/api/resolve-cache/models/microsoft/Phi-3-mini-4k-instruct/f39ac1d28e925b323eae81227eaba4464caced4e/tokenizer_config.json "HTTP/1.1 200 OK"
2026-04-11 16:35:27,529 - httpx - INFO - HTTP Request: HEAD https://huggingface.co/microsoft/Phi-3-mini-4k-instruct/resolve/main/tokenizer_config.json "HTTP/1.1 307 Temporary Redirect"
2026-04-11 16:35:27,602 - httpx - INFO - HTTP Request: HEAD https://huggingface.co/api/resolve-cache/models/microsoft/Phi-3-mini-4k-instruct/f39ac1d28e925b323eae81227eaba4464caced4e/tokenizer_config.json "HTTP/1.1 200 OK"
2026-04-11 16:35:27,807 - httpx - INFO - HTTP Request: GET https://huggingface.co/api/models/microsoft/Phi-3-mini-4k-instruct/tree/main/additional_chat_templates?recursive=false&expand=false "HTTP/1.1 404 Not Found"
2026-04-11 16:35:28,018 - httpx - INFO - HTTP Request: GET https://huggingface.co/api/models/microsoft/Phi-3-mini-4k-instruct/tree/main?recursive=true&expand=false "HTTP/1.1 200 OK"
2026-04-11 16:35:28,456 - httpx - INFO - HTTP Request: HEAD https://huggingface.co/microsoft/Phi-3-mini-4k-instruct/resolve/main/config.json "HTTP/1.1 307 Temporary Redirect"
2026-04-11 16:35:28,527 - httpx - INFO - HTTP Request: HEAD https://huggingface.co/api/resolve-cache/models/microsoft/Phi-3-mini-4k-instruct/f39ac1d28e925b323eae81227eaba4464caced4e/config.json "HTTP/1.1 200 OK"
2026-04-11 16:35:45,103 - httpx - INFO - HTTP Request: HEAD https://huggingface.co/microsoft/Phi-3-mini-4k-instruct/resolve/main/generation_config.json "HTTP/1.1 307 Temporary Redirect"
2026-04-11 16:35:45,179 - httpx - INFO - HTTP Request: HEAD https://huggingface.co/api/resolve-cache/models/microsoft/Phi-3-mini-4k-instruct/f39ac1d28e925b323eae81227eaba4464caced4e/generation_config.json "HTTP/1.1 200 OK"
